<?xml version="1.0" encoding="UTF-8"?>
<!-- Generated by org.testng.reporters.JUnitXMLReporter -->
<testsuite ignored="0" hostname="DESKTOP-24NK06K" failures="0" tests="5" name="Test Basics 1" time="4.567" errors="0" timestamp="2021-01-27T13:50:56 EST">
  <testcase classname="test.LoginTest" name="test_no_password_login_info" time="1.542"/>
  <testcase classname="test.LoginTest" name="test_no_userName_login_info" time="0.389"/>
  <testcase classname="test.LoginTest" name="test_proper_login_info" time="1.14"/>
  <testcase classname="test.LoginTest" name="test_wrong_password_login_info" time="0.665"/>
  <testcase classname="test.LoginTest" name="test_wrong_username_login_info" time="0.791"/>
</testsuite> <!-- Test Basics 1 -->
